
>>> FOUND ERROR at 2017-06-13 14:39:44 <<<
		Heading: 404 Page Not Found
		Message: 'The page you requested was not found.'
		Error code: error_404
		Error number: 404
		Server info: array (
  'REDIRECT_MIBDIRS' => 'E:/xampp/php/extras/mibs',
  'REDIRECT_MYSQL_HOME' => '\\xampp\\mysql\\bin',
  'REDIRECT_OPENSSL_CONF' => 'E:/xampp/apache/bin/openssl.cnf',
  'REDIRECT_PHP_PEAR_SYSCONF_DIR' => '\\xampp\\php',
  'REDIRECT_PHPRC' => '\\xampp\\php',
  'REDIRECT_TMP' => '\\xampp\\tmp',
  'REDIRECT_STATUS' => '200',
  'MIBDIRS' => 'E:/xampp/php/extras/mibs',
  'MYSQL_HOME' => '\\xampp\\mysql\\bin',
  'OPENSSL_CONF' => 'E:/xampp/apache/bin/openssl.cnf',
  'PHP_PEAR_SYSCONF_DIR' => '\\xampp\\php',
  'PHPRC' => '\\xampp\\php',
  'TMP' => '\\xampp\\tmp',
  'HTTP_HOST' => 'tintucs.com',
  'HTTP_USER_AGENT' => 'Mozilla/5.0 (Windows NT 10.0; WOW64; rv:53.0) Gecko/20100101 Firefox/53.0',
  'HTTP_ACCEPT' => '*/*',
  'HTTP_ACCEPT_LANGUAGE' => 'vi,en;q=0.5',
  'HTTP_ACCEPT_ENCODING' => 'gzip, deflate',
  'HTTP_REFERER' => 'http://tintucs.com/',
  'HTTP_COOKIE' => 'PHPSESSID=ufpbuiijui17ihup8qh0k3tui5; ci_session=a%3A4%3A%7Bs%3A10%3A%22session_id%22%3Bs%3A32%3A%226a3f7e9c48906bb8f0c9dec6f53518c1%22%3Bs%3A10%3A%22ip_address%22%3Bs%3A9%3A%22127.0.0.1%22%3Bs%3A10%3A%22user_agent%22%3Bs%3A73%3A%22Mozilla%2F5.0+%28Windows+NT+10.0%3B+WOW64%3B+rv%3A53.0%29+Gecko%2F20100101+Firefox%2F53.0%22%3Bs%3A13%3A%22last_activity%22%3Bi%3A1497339527%3B%7Db0888eea3dedc76f8f6350be3eb25aec; _ga=GA1.2.967330192.1497317487; _gid=GA1.2.1623398775.1497317487',
  'HTTP_CONNECTION' => 'keep-alive',
  'PATH' => 'C:\\Program Files (x86)\\Intel\\iCLS Client\\;C:\\Program Files\\Intel\\iCLS Client\\;C:\\Windows\\system32;C:\\Windows;C:\\Windows\\System32\\Wbem;C:\\Windows\\System32\\WindowsPowerShell\\v1.0\\;C:\\Program Files\\Intel\\Intel(R) Management Engine Components\\DAL;C:\\Program Files\\Intel\\Intel(R) Management Engine Components\\IPT;C:\\Program Files (x86)\\Intel\\Intel(R) Management Engine Components\\DAL;C:\\Program Files (x86)\\Intel\\Intel(R) Management Engine Components\\IPT;C:\\Program Files (x86)\\Skype\\Phone\\;C:\\Program Files\\PuTTY\\;C:\\Program Files\\Git\\cmd;C:\\Program Files\\nodejs\\;C:\\Program Files (x86)\\Bitvise SSH Client;C:\\Users\\User\\AppData\\Local\\Microsoft\\WindowsApps;C:\\Users\\User\\AppData\\Roaming\\npm;C:\\Program Files (x86)\\Microsoft VS Code\\bin',
  'SystemRoot' => 'C:\\Windows',
  'COMSPEC' => 'C:\\Windows\\system32\\cmd.exe',
  'PATHEXT' => '.COM;.EXE;.BAT;.CMD;.VBS;.VBE;.JS;.JSE;.WSF;.WSH;.MSC',
  'WINDIR' => 'C:\\Windows',
  'SERVER_SIGNATURE' => '<address>Apache/2.4.23 (Win32) OpenSSL/1.0.2h PHP/5.6.28 Server at tintucs.com Port 80</address>
',
  'SERVER_SOFTWARE' => 'Apache/2.4.23 (Win32) OpenSSL/1.0.2h PHP/5.6.28',
  'SERVER_NAME' => 'tintucs.com',
  'SERVER_ADDR' => '127.0.0.1',
  'SERVER_PORT' => '80',
  'REMOTE_ADDR' => '127.0.0.1',
  'DOCUMENT_ROOT' => 'E:/xampp/htdocs/thanhxuan',
  'REQUEST_SCHEME' => 'http',
  'CONTEXT_PREFIX' => '',
  'CONTEXT_DOCUMENT_ROOT' => 'E:/xampp/htdocs/thanhxuan',
  'SERVER_ADMIN' => 'postmaster@localhost',
  'SCRIPT_FILENAME' => 'E:/xampp/htdocs/thanhxuan/index.php',
  'REMOTE_PORT' => '51962',
  'REDIRECT_URL' => '/connect.facebook.net/en_US/all.js',
  'GATEWAY_INTERFACE' => 'CGI/1.1',
  'SERVER_PROTOCOL' => 'HTTP/1.1',
  'REQUEST_METHOD' => 'GET',
  'QUERY_STRING' => '',
  'REQUEST_URI' => '/connect.facebook.net/en_US/all.js',
  'SCRIPT_NAME' => '/index.php',
  'PATH_INFO' => '/connect.facebook.net/en_US/all.js',
  'PATH_TRANSLATED' => 'redirect:\\index.php\\connect.facebook.net\\en_US\\all.js\\en_US\\all.js',
  'PHP_SELF' => '/index.php/connect.facebook.net/en_US/all.js',
  'REQUEST_TIME_FLOAT' => 1497339584.6359999,
  'REQUEST_TIME' => 1497339584,
)
>>> END ERROR at 2017-06-13 14:39:44 <<<
